[ERR] 2018-08-03 07:16:31 | error: database "plaak" does not exist
    at Connection.parseE (/var/www/html/pl_main/lisk/node_modules/pg/lib/connection.js:545:11)
    at Connection.parseMessage (/var/www/html/pl_main/lisk/node_modules/pg/lib/connection.js:370:19)
    at Socket.<anonymous> (/var/www/html/pl_main/lisk/node_modules/pg/lib/connection.js:113:22)
    at emitOne (events.js:96:13)
    at Socket.emit (events.js:188:7)
    at readableAddChunk (_stream_readable.js:176:18)
    at Socket.Readable.push (_stream_readable.js:134:10)
    at TCP.onread (net.js:559:20)
[ERR] 2018-08-23 14:23:02 | error: relation "blocks_list" does not exist
    at Connection.parseE (/var/www/html/pl_main/lisk/node_modules/pg/lib/connection.js:545:11)
    at Connection.parseMessage (/var/www/html/pl_main/lisk/node_modules/pg/lib/connection.js:370:19)
    at Socket.<anonymous> (/var/www/html/pl_main/lisk/node_modules/pg/lib/connection.js:113:22)
    at emitOne (events.js:96:13)
    at Socket.emit (events.js:188:7)
    at readableAddChunk (_stream_readable.js:176:18)
    at Socket.Readable.push (_stream_readable.js:134:10)
    at TCP.onread (net.js:559:20)
[ERR] 2018-08-23 14:27:21 | Error: Property 'senderId' doesn't exist.
    at query.replace.name (/var/www/html/pl_main/lisk/node_modules/pg-promise/lib/formatting.js:154:19)
    at RegExp.[Symbol.replace] (native)
    at RegExp.[Symbol.replace] (native)
    at String.replace (native)
    at Object.object (/var/www/html/pl_main/lisk/node_modules/pg-promise/lib/formatting.js:134:22)
    at $formatQuery (/var/www/html/pl_main/lisk/node_modules/pg-promise/lib/formatting.js:295:29)
    at format (/var/www/html/pl_main/lisk/node_modules/pg-promise/lib/formatting.js:831:16)
    at data.map (/var/www/html/pl_main/lisk/node_modules/pg-promise/lib/helpers/methods/insert.js:128:26)
    at Array.map (native)
    at Object.insert (/var/www/html/pl_main/lisk/node_modules/pg-promise/lib/helpers/methods/insert.js:124:29)
    at Object.insert (/var/www/html/pl_main/lisk/node_modules/pg-promise/lib/helpers/index.js:52:24)
    at job (/var/www/html/pl_main/lisk/db/repos/transactions/index.js:306:39)
    at TransactionsRepository.save (/var/www/html/pl_main/lisk/db/repos/transactions/index.js:320:6)
    at saveBlockBatch (/var/www/html/pl_main/lisk/modules/blocks/chain.js:124:34)
    at Task.library.db.tx.t (/var/www/html/pl_main/lisk/modules/blocks/chain.js:143:4)
    at callback (/var/www/html/pl_main/lisk/node_modules/pg-promise/lib/task.js:192:21)
[ERR] 2018-08-23 14:36:50 | Error: Property 'senderId' doesn't exist.
    at query.replace.name (/var/www/html/pl_main/lisk/node_modules/pg-promise/lib/formatting.js:154:19)
    at RegExp.[Symbol.replace] (native)
    at RegExp.[Symbol.replace] (native)
    at String.replace (native)
    at Object.object (/var/www/html/pl_main/lisk/node_modules/pg-promise/lib/formatting.js:134:22)
    at $formatQuery (/var/www/html/pl_main/lisk/node_modules/pg-promise/lib/formatting.js:295:29)
    at format (/var/www/html/pl_main/lisk/node_modules/pg-promise/lib/formatting.js:831:16)
    at data.map (/var/www/html/pl_main/lisk/node_modules/pg-promise/lib/helpers/methods/insert.js:128:26)
    at Array.map (native)
    at Object.insert (/var/www/html/pl_main/lisk/node_modules/pg-promise/lib/helpers/methods/insert.js:124:29)
    at Object.insert (/var/www/html/pl_main/lisk/node_modules/pg-promise/lib/helpers/index.js:52:24)
    at job (/var/www/html/pl_main/lisk/db/repos/transactions/index.js:306:39)
    at TransactionsRepository.save (/var/www/html/pl_main/lisk/db/repos/transactions/index.js:320:6)
    at saveBlockBatch (/var/www/html/pl_main/lisk/modules/blocks/chain.js:124:34)
    at Task.library.db.tx.t (/var/www/html/pl_main/lisk/modules/blocks/chain.js:143:4)
    at callback (/var/www/html/pl_main/lisk/node_modules/pg-promise/lib/task.js:192:21)
[ERR] 2018-08-23 14:42:48 | error: null value in column "username" violates not-null constraint
    at Connection.parseE (/var/www/html/pl_main/lisk/node_modules/pg/lib/connection.js:545:11)
    at Connection.parseMessage (/var/www/html/pl_main/lisk/node_modules/pg/lib/connection.js:370:19)
    at Socket.<anonymous> (/var/www/html/pl_main/lisk/node_modules/pg/lib/connection.js:113:22)
    at emitOne (events.js:96:13)
    at Socket.emit (events.js:188:7)
    at readableAddChunk (_stream_readable.js:176:18)
    at Socket.Readable.push (_stream_readable.js:134:10)
    at TCP.onread (net.js:559:20)
[ERR] 2018-08-23 14:42:48 | error: current transaction is aborted, commands ignored until end of transaction block
    at Connection.parseE (/var/www/html/pl_main/lisk/node_modules/pg/lib/connection.js:545:11)
    at Connection.parseMessage (/var/www/html/pl_main/lisk/node_modules/pg/lib/connection.js:370:19)
    at Socket.<anonymous> (/var/www/html/pl_main/lisk/node_modules/pg/lib/connection.js:113:22)
    at emitOne (events.js:96:13)
    at Socket.emit (events.js:188:7)
    at readableAddChunk (_stream_readable.js:176:18)
    at Socket.Readable.push (_stream_readable.js:134:10)
    at TCP.onread (net.js:559:20)
[ERR] 2018-08-23 14:53:54 | error: null value in column "username" violates not-null constraint
    at Connection.parseE (/var/www/html/pl_main/lisk/node_modules/pg/lib/connection.js:545:11)
    at Connection.parseMessage (/var/www/html/pl_main/lisk/node_modules/pg/lib/connection.js:370:19)
    at Socket.<anonymous> (/var/www/html/pl_main/lisk/node_modules/pg/lib/connection.js:113:22)
    at emitOne (events.js:96:13)
    at Socket.emit (events.js:188:7)
    at readableAddChunk (_stream_readable.js:176:18)
    at Socket.Readable.push (_stream_readable.js:134:10)
    at TCP.onread (net.js:559:20)
[ERR] 2018-08-23 14:53:54 | error: current transaction is aborted, commands ignored until end of transaction block
    at Connection.parseE (/var/www/html/pl_main/lisk/node_modules/pg/lib/connection.js:545:11)
    at Connection.parseMessage (/var/www/html/pl_main/lisk/node_modules/pg/lib/connection.js:370:19)
    at Socket.<anonymous> (/var/www/html/pl_main/lisk/node_modules/pg/lib/connection.js:113:22)
    at emitOne (events.js:96:13)
    at Socket.emit (events.js:188:7)
    at readableAddChunk (_stream_readable.js:176:18)
    at Socket.Readable.push (_stream_readable.js:134:10)
    at TCP.onread (net.js:559:20)
[ERR] 2018-08-23 15:19:57 | error: relation "blocks_list" does not exist
    at Connection.parseE (/var/www/html/pl_main/lisk/node_modules/pg/lib/connection.js:545:11)
    at Connection.parseMessage (/var/www/html/pl_main/lisk/node_modules/pg/lib/connection.js:370:19)
    at Socket.<anonymous> (/var/www/html/pl_main/lisk/node_modules/pg/lib/connection.js:113:22)
    at emitOne (events.js:96:13)
    at Socket.emit (events.js:188:7)
    at readableAddChunk (_stream_readable.js:176:18)
    at Socket.Readable.push (_stream_readable.js:134:10)
    at TCP.onread (net.js:559:20)
[ERR] 2018-08-23 15:20:07 | error: relation "blocks_list" does not exist
    at Connection.parseE (/var/www/html/pl_main/lisk/node_modules/pg/lib/connection.js:545:11)
    at Connection.parseMessage (/var/www/html/pl_main/lisk/node_modules/pg/lib/connection.js:370:19)
    at Socket.<anonymous> (/var/www/html/pl_main/lisk/node_modules/pg/lib/connection.js:113:22)
    at emitOne (events.js:96:13)
    at Socket.emit (events.js:188:7)
    at readableAddChunk (_stream_readable.js:176:18)
    at Socket.Readable.push (_stream_readable.js:134:10)
    at TCP.onread (net.js:559:20)
[ERR] 2018-09-20 11:17:41 | error: password authentication failed for user "lisk"
    at Connection.parseE (/home/plaak/plaak/plaak_core/node_modules/pg/lib/connection.js:545:11)
    at Connection.parseMessage (/home/plaak/plaak/plaak_core/node_modules/pg/lib/connection.js:370:19)
    at Socket.<anonymous> (/home/plaak/plaak/plaak_core/node_modules/pg/lib/connection.js:113:22)
    at emitOne (events.js:96:13)
    at Socket.emit (events.js:188:7)
    at readableAddChunk (_stream_readable.js:176:18)
    at Socket.Readable.push (_stream_readable.js:134:10)
    at TCP.onread (net.js:559:20)
